\BOOKMARK [0][-]{chapter.1}{\376\377\000P\000r\000e\000a\000m\000b\000l\000e}{}% 1
\BOOKMARK [1][-]{section.1.1}{\376\377\000I\000n\000t\000r\000o\000d\000u\000c\000t\000i\000o\000n}{chapter.1}% 2
\BOOKMARK [1][-]{section.1.2}{\376\377\000P\000r\000o\000b\000l\000e\000m\000\040\000S\000t\000a\000t\000e\000m\000e\000n\000t\000\040\000a\000n\000d\000\040\000O\000b\000j\000e\000c\000t\000i\000v\000e\000s}{chapter.1}% 3
\BOOKMARK [0][-]{chapter.2}{\376\377\000L\000i\000t\000e\000r\000a\000t\000u\000r\000e\000\040\000R\000e\000v\000i\000e\000w}{}% 4
\BOOKMARK [1][-]{section.2.1}{\376\377\000F\000o\000u\000n\000d\000a\000t\000i\000o\000n\000a\000l\000\040\000S\000u\000r\000v\000e\000y\000:\000\040\000D\000P\000R\000\040\000A\000r\000c\000h\000i\000t\000e\000c\000t\000u\000r\000e\000s\000,\000\040\000M\000e\000t\000h\000o\000d\000s\000,\000\040\000a\000n\000d\000\040\000A\000p\000p\000l\000i\000c\000a\000t\000i\000o\000n\000s}{chapter.2}% 5
\BOOKMARK [2][-]{subsection.2.1.1}{\376\377\000F\000P\000G\000A\000\040\000A\000r\000c\000h\000i\000t\000e\000c\000t\000u\000r\000e\000\040\000E\000v\000o\000l\000u\000t\000i\000o\000n\000\040\000a\000n\000d\000\040\000t\000h\000e\000\040\000F\000o\000u\000n\000d\000a\000t\000i\000o\000n\000s\000\040\000o\000f\000\040\000P\000a\000r\000t\000i\000a\000l\000\040\000R\000e\000c\000o\000n\000f\000i\000g\000u\000r\000a\000t\000i\000o\000n}{section.2.1}% 6
\BOOKMARK [2][-]{subsection.2.1.2}{\376\377\000T\000h\000e\000\040\000F\000r\000a\000m\000e\000-\000B\000a\000s\000e\000d\000\040\000C\000o\000n\000f\000i\000g\000u\000r\000a\000t\000i\000o\000n\000\040\000M\000o\000d\000e\000l\000\040\000a\000n\000d\000\040\000P\000a\000r\000t\000i\000a\000l\000\040\000B\000i\000t\000s\000t\000r\000e\000a\000m\000\040\000S\000t\000r\000u\000c\000t\000u\000r\000e}{section.2.1}% 7
\BOOKMARK [2][-]{subsection.2.1.3}{\376\377\000D\000e\000s\000i\000g\000n\000\040\000F\000l\000o\000w\000s\000,\000\040\000A\000c\000a\000d\000e\000m\000i\000c\000\040\000T\000o\000o\000l\000c\000h\000a\000i\000n\000s\000,\000\040\000a\000n\000d\000\040\000F\000l\000o\000o\000r\000p\000l\000a\000n\000n\000i\000n\000g}{section.2.1}% 8
\BOOKMARK [2][-]{subsection.2.1.4}{\376\377\000R\000u\000n\000t\000i\000m\000e\000\040\000M\000a\000n\000a\000g\000e\000m\000e\000n\000t\000\040\000o\000f\000\040\000R\000e\000c\000o\000n\000f\000i\000g\000u\000r\000a\000b\000l\000e\000\040\000T\000a\000s\000k\000s}{section.2.1}% 9
\BOOKMARK [2][-]{subsection.2.1.5}{\376\377\000A\000p\000p\000l\000i\000c\000a\000t\000i\000o\000n\000\040\000D\000o\000m\000a\000i\000n\000s}{section.2.1}% 10
\BOOKMARK [1][-]{section.2.2}{\376\377\000T\000h\000e\000\040\000C\000o\000m\000p\000i\000l\000e\000-\000T\000i\000m\000e\000\040\000P\000r\000o\000b\000l\000e\000m\000\040\000a\000n\000d\000\040\000t\000h\000e\000\040\000M\000o\000t\000i\000v\000a\000t\000i\000o\000n\000\040\000f\000o\000r\000\040\000P\000a\000r\000a\000l\000l\000e\000l\000\040\000C\000o\000m\000p\000i\000l\000a\000t\000i\000o\000n}{chapter.2}% 11
\BOOKMARK [2][-]{subsection.2.2.1}{\376\377\000T\000h\000e\000\040\000M\000o\000n\000o\000l\000i\000t\000h\000i\000c\000\040\000C\000o\000m\000p\000i\000l\000a\000t\000i\000o\000n\000\040\000P\000r\000o\000b\000l\000e\000m}{section.2.2}% 12
\BOOKMARK [2][-]{subsection.2.2.2}{\376\377\000R\000a\000p\000i\000d\000W\000r\000i\000g\000h\000t\000:\000\040\000T\000h\000e\000\040\000I\000n\000f\000r\000a\000s\000t\000r\000u\000c\000t\000u\000r\000e\000\040\000L\000a\000y\000e\000r}{section.2.2}% 13
\BOOKMARK [2][-]{subsection.2.2.3}{\376\377\000L\000a\000t\000e\000n\000c\000y\000-\000I\000n\000s\000e\000n\000s\000i\000t\000i\000v\000e\000\040\000D\000e\000s\000i\000g\000n\000\040\000a\000n\000d\000\040\000P\000i\000p\000e\000l\000i\000n\000e\000\040\000I\000s\000l\000a\000n\000d\000s}{section.2.2}% 14
\BOOKMARK [2][-]{subsection.2.2.4}{\376\377\000T\000h\000e\000\040\000C\000a\000s\000e\000\040\000f\000o\000r\000\040\000I\000n\000c\000r\000e\000m\000e\000n\000t\000a\000l\000\040\000a\000n\000d\000\040\000P\000a\000r\000a\000l\000l\000e\000l\000\040\000C\000o\000m\000p\000i\000l\000a\000t\000i\000o\000n}{section.2.2}% 15
\BOOKMARK [1][-]{section.2.3}{\376\377\000R\000a\000p\000i\000d\000S\000t\000r\000e\000a\000m\000:\000\040\000P\000a\000r\000a\000l\000l\000e\000l\000\040\000D\000a\000t\000a\000f\000l\000o\000w\000\040\000F\000P\000G\000A\000\040\000C\000o\000m\000p\000i\000l\000a\000t\000i\000o\000n}{chapter.2}% 16
\BOOKMARK [2][-]{subsection.2.3.1}{\376\377\000M\000o\000t\000i\000v\000a\000t\000i\000o\000n\000\040\000a\000n\000d\000\040\000C\000o\000n\000t\000e\000x\000t}{section.2.3}% 17
\BOOKMARK [2][-]{subsection.2.3.2}{\376\377\000R\000a\000p\000i\000d\000S\000t\000r\000e\000a\000m\000\040\0001\000.\0000\000:\000\040\000A\000r\000c\000h\000i\000t\000e\000c\000t\000u\000r\000e\000\040\000a\000n\000d\000\040\000P\000i\000p\000e\000l\000i\000n\000e}{section.2.3}% 18
\BOOKMARK [2][-]{subsection.2.3.3}{\376\377\000R\000a\000p\000i\000d\000S\000t\000r\000e\000a\000m\000\040\0002\000.\0000\000:\000\040\000H\000B\000M\000-\000B\000a\000s\000e\000d\000\040\000B\000o\000a\000r\000d\000s\000\040\000a\000n\000d\000\040\000S\000L\000R\000-\000C\000r\000o\000s\000s\000i\000n\000g\000\040\000R\000o\000u\000t\000i\000n\000g}{section.2.3}% 19
\BOOKMARK [2][-]{subsection.2.3.4}{\376\377\000R\000e\000l\000e\000v\000a\000n\000c\000e\000\040\000a\000n\000d\000\040\000L\000i\000m\000i\000t\000a\000t\000i\000o\000n\000s\000\040\000w\000i\000t\000h\000\040\000R\000e\000s\000p\000e\000c\000t\000\040\000t\000o\000\040\000t\000h\000e\000\040\000P\000r\000e\000s\000e\000n\000t\000\040\000W\000o\000r\000k}{section.2.3}% 20
\BOOKMARK [1][-]{section.2.4}{\376\377\000H\000i\000e\000r\000a\000r\000c\000h\000i\000c\000a\000l\000\040\000P\000a\000r\000t\000i\000a\000l\000\040\000R\000e\000c\000o\000n\000f\000i\000g\000u\000r\000a\000t\000i\000o\000n\000\040\000\050\000H\000P\000R\000\051}{chapter.2}% 21
\BOOKMARK [2][-]{subsection.2.4.1}{\376\377\000M\000o\000t\000i\000v\000a\000t\000i\000o\000n\000:\000\040\000F\000i\000x\000e\000d\000\040\000P\000a\000g\000e\000s\000\040\000a\000n\000d\000\040\000T\000h\000e\000i\000r\000\040\000L\000i\000m\000i\000t\000a\000t\000i\000o\000n\000s}{section.2.4}% 22
\BOOKMARK [2][-]{subsection.2.4.2}{\376\377\000C\000o\000r\000e\000\040\000C\000o\000n\000c\000e\000p\000t\000:\000\040\000R\000e\000c\000o\000m\000b\000i\000n\000a\000b\000l\000e\000\040\000P\000R\000\040\000P\000a\000g\000e\000s}{section.2.4}% 23
\BOOKMARK [2][-]{subsection.2.4.3}{\376\377\000T\000h\000e\000\040\000H\000o\000p\000l\000i\000t\000e\000-\000B\000F\000\040\000N\000e\000t\000w\000o\000r\000k\000-\000o\000n\000-\000C\000h\000i\000p}{section.2.4}% 24
\BOOKMARK [2][-]{subsection.2.4.4}{\376\377\000C\000o\000m\000p\000i\000l\000a\000t\000i\000o\000n\000\040\000W\000o\000r\000k\000f\000l\000o\000w}{section.2.4}% 25
\BOOKMARK [2][-]{subsection.2.4.5}{\376\377\000R\000u\000n\000t\000i\000m\000e\000\040\000R\000e\000c\000o\000n\000f\000i\000g\000u\000r\000a\000t\000i\000o\000n\000\040\000w\000i\000t\000h\000\040\000t\000h\000e\000\040\000H\000o\000p\000l\000i\000t\000e\000-\000B\000F\000\040\000N\000o\000C}{section.2.4}% 26
\BOOKMARK [2][-]{subsection.2.4.6}{\376\377\000C\000o\000m\000p\000a\000r\000i\000s\000o\000n\000\040\000w\000i\000t\000h\000\040\000F\000i\000x\000e\000d\000-\000P\000a\000g\000e\000\040\000P\000R\000\040\000a\000n\000d\000\040\000R\000a\000p\000i\000d\000S\000t\000r\000e\000a\000m}{section.2.4}% 27
\BOOKMARK [2][-]{subsection.2.4.7}{\376\377\000T\000h\000e\000\040\000P\000L\000D\000\040\000P\000r\000e\000d\000e\000c\000e\000s\000s\000o\000r\000:\000\040\000I\000n\000c\000r\000e\000m\000e\000n\000t\000a\000l\000\040\000R\000e\000f\000i\000n\000e\000m\000e\000n\000t\000\040\000C\000o\000m\000p\000i\000l\000a\000t\000i\000o\000n}{section.2.4}% 28
\BOOKMARK [2][-]{subsection.2.4.8}{\376\377\000R\000e\000l\000e\000v\000a\000n\000c\000e\000\040\000t\000o\000\040\000t\000h\000e\000\040\000P\000r\000e\000s\000e\000n\000t\000\040\000W\000o\000r\000k\000\040\000a\000n\000d\000\040\000t\000h\000e\000\040\000D\000e\000c\000i\000s\000i\000o\000n\000\040\000t\000o\000\040\000L\000i\000m\000i\000t\000\040\000C\000o\000v\000e\000r\000a\000g\000e}{section.2.4}% 29
\BOOKMARK [1][-]{section.2.5}{\376\377\000Z\000y\000P\000R\000:\000\040\000E\000n\000d\000-\000t\000o\000-\000E\000n\000d\000\040\000B\000u\000i\000l\000d\000\040\000T\000o\000o\000l\000\040\000a\000n\000d\000\040\000R\000u\000n\000t\000i\000m\000e\000\040\000M\000a\000n\000a\000g\000e\000r\000\040\000f\000o\000r\000\040\000P\000R\000\040\000a\000t\000\040\000t\000h\000e\000\040\000E\000d\000g\000e}{chapter.2}% 30
\BOOKMARK [2][-]{subsection.2.5.1}{\376\377\000M\000o\000t\000i\000v\000a\000t\000i\000o\000n\000\040\000a\000n\000d\000\040\000P\000o\000s\000i\000t\000i\000o\000n\000i\000n\000g}{section.2.5}% 31
\BOOKMARK [2][-]{subsection.2.5.2}{\376\377\000Z\000y\000C\000A\000P\000:\000\040\000T\000h\000e\000\040\000H\000i\000g\000h\000-\000T\000h\000r\000o\000u\000g\000h\000p\000u\000t\000\040\000P\000C\000A\000P\000/\000I\000C\000A\000P\000\040\000C\000o\000n\000t\000r\000o\000l\000l\000e\000r}{section.2.5}% 32
\BOOKMARK [2][-]{subsection.2.5.3}{\376\377\000Z\000y\000P\000R\000\040\000T\000o\000o\000l\000f\000l\000o\000w\000:\000\040\000O\000p\000t\000i\000m\000i\000s\000a\000t\000i\000o\000n\000\040\000L\000e\000v\000e\000l\000s\000\040\000a\000n\000d\000\040\000B\000u\000i\000l\000d\000\040\000P\000i\000p\000e\000l\000i\000n\000e}{section.2.5}% 33
\BOOKMARK [2][-]{subsection.2.5.4}{\376\377\000P\000e\000r\000f\000o\000r\000m\000a\000n\000c\000e\000\040\000B\000e\000n\000c\000h\000m\000a\000r\000k\000s\000\040\000a\000n\000d\000\040\000C\000o\000m\000p\000a\000r\000i\000s\000o\000n}{section.2.5}% 34
\BOOKMARK [2][-]{subsection.2.5.5}{\376\377\000R\000e\000l\000e\000v\000a\000n\000c\000e\000\040\000t\000o\000\040\000t\000h\000e\000\040\000P\000r\000e\000s\000e\000n\000t\000\040\000W\000o\000r\000k\000\040\000a\000n\000d\000\040\000I\000m\000p\000l\000e\000m\000e\000n\000t\000a\000t\000i\000o\000n\000\040\000N\000o\000t\000e}{section.2.5}% 35
\BOOKMARK [1][-]{section.2.6}{\376\377\000O\000t\000h\000e\000r\000\040\000R\000e\000l\000a\000t\000e\000d\000\040\000W\000o\000r\000k\000s}{chapter.2}% 36
\BOOKMARK [2][-]{subsection.2.6.1}{\376\377\000D\000M\000L\000:\000\040\000D\000y\000n\000a\000m\000i\000c\000\040\000P\000a\000r\000t\000i\000a\000l\000\040\000R\000e\000c\000o\000n\000f\000i\000g\000u\000r\000a\000t\000i\000o\000n\000\040\000w\000i\000t\000h\000\040\000S\000c\000a\000l\000a\000b\000l\000e\000\040\000T\000a\000s\000k\000\040\000S\000c\000h\000e\000d\000u\000l\000i\000n\000g\000\040\000f\000o\000r\000\040\000M\000u\000l\000t\000i\000-\000A\000p\000p\000l\000i\000c\000a\000t\000i\000o\000n\000\040\000F\000P\000G\000A\000s}{section.2.6}% 37
\BOOKMARK [2][-]{subsection.2.6.2}{\376\377\000A\000M\000P\000E\000R\000-\000X\000:\000\040\000A\000d\000a\000p\000t\000i\000v\000e\000\040\000M\000i\000x\000e\000d\000-\000P\000r\000e\000c\000i\000s\000i\000o\000n\000\040\000R\000I\000S\000C\000-\000V\000\040\000C\000o\000r\000e\000\040\000f\000o\000r\000\040\000E\000m\000b\000e\000d\000d\000e\000d\000\040\000A\000p\000p\000l\000i\000c\000a\000t\000i\000o\000n\000s}{section.2.6}% 38
\BOOKMARK [2][-]{subsection.2.6.3}{\376\377\000R\000V\000-\000C\000A\000P\000:\000\040\000E\000n\000a\000b\000l\000i\000n\000g\000\040\000D\000y\000n\000a\000m\000i\000c\000\040\000P\000a\000r\000t\000i\000a\000l\000\040\000R\000e\000c\000o\000n\000f\000i\000g\000u\000r\000a\000t\000i\000o\000n\000\040\000f\000o\000r\000\040\000F\000P\000G\000A\000-\000B\000a\000s\000e\000d\000\040\000R\000I\000S\000C\000-\000V\000\040\000S\000o\000C}{section.2.6}% 39
\BOOKMARK [2][-]{subsection.2.6.4}{\376\377\000D\000O\000R\000A\000:\000\040\000A\000\040\000L\000o\000w\000-\000L\000a\000t\000e\000n\000c\000y\000\040\000P\000a\000r\000t\000i\000a\000l\000\040\000R\000e\000c\000o\000n\000f\000i\000g\000u\000r\000a\000t\000i\000o\000n\000\040\000C\000o\000n\000t\000r\000o\000l\000l\000e\000r}{section.2.6}% 40
\BOOKMARK [2][-]{subsection.2.6.5}{\376\377\000A\000C\000N\000N\000E\000:\000\040\000A\000d\000a\000p\000t\000i\000v\000e\000\040\000C\000o\000n\000v\000o\000l\000u\000t\000i\000o\000n\000\040\000E\000n\000g\000i\000n\000e\000\040\000f\000o\000r\000\040\000C\000N\000N\000\040\000A\000c\000c\000e\000l\000e\000r\000a\000t\000i\000o\000n\000\040\000w\000i\000t\000h\000\040\000D\000P\000R}{section.2.6}% 41
\BOOKMARK [1][-]{section.2.7}{\376\377\000S\000u\000m\000m\000a\000r\000y\000\040\000a\000n\000d\000\040\000S\000y\000n\000t\000h\000e\000s\000i\000s}{chapter.2}% 42
\BOOKMARK [0][-]{chapter.3}{\376\377\000B\000a\000c\000k\000g\000r\000o\000u\000n\000d\000\040\000a\000n\000d\000\040\000C\000a\000s\000e\000\040\000S\000t\000u\000d\000y}{}% 43
\BOOKMARK [1][-]{section.3.1}{\376\377\000F\000P\000G\000A\000\040\000P\000a\000r\000t\000i\000a\000l\000\040\000R\000e\000c\000o\000n\000f\000i\000g\000u\000r\000a\000t\000i\000o\000n\000\040\000F\000u\000n\000d\000a\000m\000e\000n\000t\000a\000l\000s}{chapter.3}% 44
\BOOKMARK [2][-]{subsection.3.1.1}{\376\377\000C\000o\000n\000f\000i\000g\000u\000r\000a\000t\000i\000o\000n\000\040\000F\000r\000a\000m\000e\000s\000\040\000a\000n\000d\000\040\000t\000h\000e\000\040\000F\000r\000a\000m\000e\000\040\000A\000d\000d\000r\000e\000s\000s\000\040\000R\000e\000g\000i\000s\000t\000e\000r}{section.3.1}% 45
\BOOKMARK [2][-]{subsection.3.1.2}{\376\377\000T\000h\000e\000\040\000D\000F\000X\000\040\000D\000e\000c\000o\000u\000p\000l\000e\000r\000\040\000I\000P}{section.3.1}% 46
\BOOKMARK [2][-]{subsection.3.1.3}{\376\377\000S\000t\000a\000t\000i\000c\000\040\000a\000n\000d\000\040\000R\000e\000c\000o\000n\000f\000i\000g\000u\000r\000a\000b\000l\000e\000\040\000P\000a\000r\000t\000i\000t\000i\000o\000n\000s\000\040\000o\000n\000\040\000t\000h\000e\000\040\000A\000r\000t\000y\000\040\000A\0007\000-\0003\0005\000T}{section.3.1}% 47
\BOOKMARK [1][-]{section.3.2}{\376\377\000C\000F\000U\000\040\000P\000l\000a\000y\000g\000r\000o\000u\000n\000d\000\040\000a\000n\000d\000\040\000V\000e\000x\000R\000i\000s\000c\000v}{chapter.3}% 48
\BOOKMARK [2][-]{subsection.3.2.1}{\376\377\000T\000h\000e\000\040\000C\000F\000U\000\040\000P\000l\000a\000y\000g\000r\000o\000u\000n\000d\000\040\000F\000r\000a\000m\000e\000w\000o\000r\000k}{section.3.2}% 49
\BOOKMARK [2][-]{subsection.3.2.2}{\376\377\000V\000e\000x\000R\000i\000s\000c\000v\000:\000\040\000A\000r\000c\000h\000i\000t\000e\000c\000t\000u\000r\000e\000\040\000a\000n\000d\000\040\000C\000F\000U\000\040\000P\000o\000r\000t}{section.3.2}% 50
\BOOKMARK [2][-]{subsection.3.2.3}{\376\377\000T\000h\000e\000\040\000C\000F\000U\040\023\000R\000P\000\040\000I\000n\000t\000e\000r\000f\000a\000c\000e\000\040\000i\000n\000\040\000t\000h\000e\000\040\000D\000F\000X\000\040\000C\000o\000n\000t\000e\000x\000t}{section.3.2}% 51
\BOOKMARK [1][-]{section.3.3}{\376\377\000T\000h\000e\000\040\000I\000C\000A\000P\000\040\000a\000n\000d\000\040\000S\000T\000A\000R\000T\000U\000P\000E\0002\000\040\000P\000r\000i\000m\000i\000t\000i\000v\000e\000s}{chapter.3}% 52
\BOOKMARK [2][-]{subsection.3.3.1}{\376\377\000I\000C\000A\000P\000\040\000o\000n\000\040\0007\000-\000S\000e\000r\000i\000e\000s\000\040\000F\000P\000G\000A\000s}{section.3.3}% 53
\BOOKMARK [2][-]{subsection.3.3.2}{\376\377\000T\000h\000e\000\040\000S\000T\000A\000R\000T\000U\000P\000E\0002\000\040\000P\000r\000i\000m\000i\000t\000i\000v\000e\000\040\000a\000n\000d\000\040\000t\000h\000e\000\040\000E\000O\000S\000\040\000S\000i\000g\000n\000a\000l}{section.3.3}% 54
\BOOKMARK [2][-]{subsection.3.3.3}{\376\377\000P\000a\000r\000t\000i\000a\000l\000\040\000B\000i\000t\000s\000t\000r\000e\000a\000m\000\040\000S\000t\000r\000u\000c\000t\000u\000r\000e}{section.3.3}% 55
\BOOKMARK [1][-]{section.3.4}{\376\377\000S\000y\000s\000t\000e\000m\000\040\000A\000r\000c\000h\000i\000t\000e\000c\000t\000u\000r\000e\000\040\000O\000v\000e\000r\000v\000i\000e\000w}{chapter.3}% 56
\BOOKMARK [2][-]{subsection.3.4.1}{\376\377\000T\000o\000p\000-\000L\000e\000v\000e\000l\000\040\000M\000o\000d\000u\000l\000e\000\040\000D\000e\000c\000o\000m\000p\000o\000s\000i\000t\000i\000o\000n}{section.3.4}% 57
\BOOKMARK [2][-]{subsection.3.4.2}{\376\377\000S\000i\000g\000n\000a\000l\000\040\000F\000l\000o\000w\000\040\000f\000r\000o\000m\000\040\000P\000r\000o\000c\000e\000s\000s\000o\000r\000\040\000t\000o\000\040\000R\000e\000c\000o\000n\000f\000i\000g\000u\000r\000a\000b\000l\000e\000\040\000P\000a\000r\000t\000i\000t\000i\000o\000n}{section.3.4}% 58
\BOOKMARK [2][-]{subsection.3.4.3}{\376\377\000R\000e\000c\000o\000n\000f\000i\000g\000u\000r\000a\000t\000i\000o\000n\000\040\000C\000o\000n\000t\000r\000o\000l\000l\000e\000r\000\040\000H\000i\000e\000r\000a\000r\000c\000h\000y}{section.3.4}% 59
\BOOKMARK [0][-]{chapter.4}{\376\377\000D\000e\000s\000i\000g\000n\000\040\000a\000n\000d\000\040\000I\000m\000p\000l\000e\000m\000e\000n\000t\000a\000t\000i\000o\000n}{}% 60
\BOOKMARK [1][-]{section.4.1}{\376\377\000D\000e\000s\000i\000g\000n\000\040\000G\000o\000a\000l\000s}{chapter.4}% 61
\BOOKMARK [1][-]{section.4.2}{\376\377\000S\000t\000a\000t\000i\000c\000\040\000P\000a\000r\000t\000i\000t\000i\000o\000n\000\040\000D\000e\000s\000i\000g\000n}{chapter.4}% 62
\BOOKMARK [2][-]{subsection.4.2.1}{\376\377\000T\000h\000e\000\040\000s\000y\000s\000t\000e\000m\000\137\000w\000r\000a\000p\000p\000e\000r\000\040\000R\000e\000c\000o\000n\000f\000i\000g\000u\000r\000a\000t\000i\000o\000n\000\040\000C\000o\000n\000t\000r\000o\000l\000l\000e\000r}{section.4.2}% 63
\BOOKMARK [2][-]{subsection.4.2.2}{\376\377\000C\000l\000o\000c\000k\000\040\000a\000n\000d\000\040\000R\000e\000s\000e\000t\000\040\000D\000i\000s\000t\000r\000i\000b\000u\000t\000i\000o\000n}{section.4.2}% 64
\BOOKMARK [2][-]{subsection.4.2.3}{\376\377\000B\000o\000a\000r\000d\000\040\000I\000/\000O\000\040\000A\000l\000l\000o\000c\000a\000t\000i\000o\000n}{section.4.2}% 65
\BOOKMARK [1][-]{section.4.3}{\376\377\000R\000e\000c\000o\000n\000f\000i\000g\000u\000r\000a\000b\000l\000e\000\040\000P\000a\000r\000t\000i\000t\000i\000o\000n\000\040\000D\000e\000s\000i\000g\000n}{chapter.4}% 66
\BOOKMARK [2][-]{subsection.4.3.1}{\376\377\000T\000h\000e\000\040\000c\000f\000u\000.\000v\000\040\000W\000r\000a\000p\000p\000e\000r\000\040\000a\000n\000d\000\040\000D\000F\000X\000\040\000D\000e\000c\000o\000u\000p\000l\000e\000r\000\040\000P\000l\000a\000c\000e\000m\000e\000n\000t}{section.4.3}% 67
\BOOKMARK [2][-]{subsection.4.3.2}{\376\377\000R\000e\000c\000o\000n\000f\000i\000g\000u\000r\000a\000b\000l\000e\000\040\000M\000o\000d\000u\000l\000e\000\040\000I\000m\000p\000l\000e\000m\000e\000n\000t\000a\000t\000i\000o\000n\000s}{section.4.3}% 68
\BOOKMARK [2][-]{subsection.4.3.3}{\376\377\000P\000b\000l\000o\000c\000k\000\040\000C\000o\000n\000s\000t\000r\000a\000i\000n\000t\000s\000\040\000a\000n\000d\000\040\000F\000l\000o\000o\000r\000p\000l\000a\000n\000n\000i\000n\000g}{section.4.3}% 69
\BOOKMARK [1][-]{section.4.4}{\376\377\000R\000e\000c\000o\000n\000f\000i\000g\000u\000r\000a\000t\000i\000o\000n\000\040\000C\000o\000n\000t\000r\000o\000l\000\040\000F\000l\000o\000w}{chapter.4}% 70
\BOOKMARK [2][-]{subsection.4.4.1}{\376\377\000S\000t\000e\000p\000-\000b\000y\000-\000S\000t\000e\000p\000\040\000R\000e\000c\000o\000n\000f\000i\000g\000u\000r\000a\000t\000i\000o\000n\000\040\000S\000e\000q\000u\000e\000n\000c\000e}{section.4.4}% 71
\BOOKMARK [2][-]{subsection.4.4.2}{\376\377\000C\000u\000r\000r\000e\000n\000t\000\040\000I\000m\000p\000l\000e\000m\000e\000n\000t\000a\000t\000i\000o\000n\000\040\000S\000t\000a\000t\000e}{section.4.4}% 72
\BOOKMARK [1][-]{section.4.5}{\376\377\000H\000a\000r\000d\000w\000a\000r\000e\000\040\000I\000m\000p\000l\000e\000m\000e\000n\000t\000a\000t\000i\000o\000n\000\040\000P\000h\000a\000s\000e\000s}{chapter.4}% 73
\BOOKMARK [2][-]{subsection.4.5.1}{\376\377\000P\000h\000a\000s\000e\000\040\0001\000\040\040\024\000\040\000A\000r\000t\000y\000\040\000A\0007\000-\0003\0005\000T\000\040\000\050\000S\000t\000a\000n\000d\000a\000l\000o\000n\000e\000\040\000D\000P\000R\000\040\000V\000a\000l\000i\000d\000a\000t\000i\000o\000n\000\051}{section.4.5}% 74
\BOOKMARK [2][-]{subsection.4.5.2}{\376\377\000P\000h\000a\000s\000e\000\040\0002\000\040\040\024\000\040\000P\000Y\000N\000Q\000-\000Z\0002\000\040\000\050\000Z\000y\000n\000q\000-\0007\0000\0002\0000\000,\000\040\000S\000t\000a\000n\000d\000a\000l\000o\000n\000e\000\040\000V\000a\000l\000i\000d\000a\000t\000i\000o\000n\000\051}{section.4.5}% 75
\BOOKMARK [2][-]{subsection.4.5.3}{\376\377\000P\000h\000a\000s\000e\000\040\0003\000\040\040\024\000\040\000A\000r\000t\000y\000\040\000A\0007\000\040\000+\000\040\000P\000Y\000N\000Q\000-\000Z\0002\000\040\000I\000n\000t\000e\000r\000-\000B\000o\000a\000r\000d\000\040\000B\000r\000i\000d\000g\000e}{section.4.5}% 76
\BOOKMARK [1][-]{section.4.6}{\376\377\000D\000F\000X\000\040\000T\000u\000t\000o\000r\000i\000a\000l\000\040\000B\000a\000s\000e\000l\000i\000n\000e\000\040\000V\000a\000l\000i\000d\000a\000t\000i\000o\000n}{chapter.4}% 77
\BOOKMARK [2][-]{subsection.4.6.1}{\376\377\000T\000u\000t\000o\000r\000i\000a\000l\000\040\000D\000e\000s\000i\000g\000n\000\040\000S\000u\000m\000m\000a\000r\000y}{section.4.6}% 78
\BOOKMARK [2][-]{subsection.4.6.2}{\376\377\000M\000e\000a\000s\000u\000r\000e\000d\000\040\000B\000a\000s\000e\000l\000i\000n\000e\000\040\000R\000e\000s\000u\000l\000t\000s}{section.4.6}% 79
\BOOKMARK [2][-]{subsection.4.6.3}{\376\377\000P\000a\000r\000t\000i\000a\000l\000\040\000B\000i\000t\000s\000t\000r\000e\000a\000m\000\040\000V\000a\000l\000i\000d\000a\000t\000i\000o\000n}{section.4.6}% 80
\BOOKMARK [1][-]{section.4.7}{\376\377\000P\000a\000r\000t\000i\000a\000l\000\040\000B\000i\000t\000s\000t\000r\000e\000a\000m\000\040\000S\000t\000o\000r\000a\000g\000e\000\040\040\024\000\040\000C\000u\000r\000r\000e\000n\000t\000\040\000S\000t\000a\000t\000e\000\040\000a\000n\000d\000\040\000R\000o\000a\000d\000m\000a\000p}{chapter.4}% 81
\BOOKMARK [2][-]{subsection.4.7.1}{\376\377\000C\000u\000r\000r\000e\000n\000t\000\040\000S\000t\000a\000t\000e\000:\000\040\000I\000n\000-\000F\000a\000b\000r\000i\000c\000\040\000R\000O\000M\000\040\000\050\000S\000y\000n\000t\000h\000e\000s\000i\000s\000-\000T\000i\000m\000e\000\040\000E\000m\000b\000e\000d\000d\000i\000n\000g\000\051}{section.4.7}% 82
\BOOKMARK [2][-]{subsection.4.7.2}{\376\377\000N\000e\000a\000r\000-\000T\000e\000r\000m\000\040\000P\000l\000a\000n\000:\000\040\000Q\000S\000P\000I\000\040\000F\000l\000a\000s\000h\000\040\000F\000e\000t\000c\000h}{section.4.7}% 83
\BOOKMARK [2][-]{subsection.4.7.3}{\376\377\000L\000o\000n\000g\000e\000r\000-\000T\000e\000r\000m\000\040\000P\000l\000a\000n\000:\000\040\000D\000D\000R\0003\000\040\000S\000D\000R\000A\000M\000\040\000S\000t\000o\000r\000a\000g\000e}{section.4.7}% 84
\BOOKMARK [2][-]{subsection.4.7.4}{\376\377\000R\000e\000p\000o\000r\000t\000\040\000S\000c\000o\000p\000e\000\040\000C\000l\000a\000r\000i\000f\000i\000c\000a\000t\000i\000o\000n}{section.4.7}% 85
\BOOKMARK [0][-]{chapter.5}{\376\377\000S\000o\000f\000t\000w\000a\000r\000e\000,\000\040\000F\000i\000r\000m\000w\000a\000r\000e\000,\000\040\000a\000n\000d\000\040\000R\000T\000L\000\040\000S\000o\000u\000r\000c\000e\000\040\000O\000r\000g\000a\000n\000i\000s\000a\000t\000i\000o\000n}{}% 86
\BOOKMARK [1][-]{section.5.1}{\376\377\000O\000v\000e\000r\000v\000i\000e\000w\000\040\000o\000f\000\040\000t\000h\000e\000\040\000S\000o\000f\000t\000w\000a\000r\000e\000\040\000a\000n\000d\000\040\000H\000D\000L\000\040\000S\000t\000a\000c\000k}{chapter.5}% 87
\BOOKMARK [1][-]{section.5.2}{\376\377\000C\000F\000U\000\040\000P\000l\000a\000y\000g\000r\000o\000u\000n\000d\000\040\040\024\000\040\000T\000o\000p\000-\000L\000e\000v\000e\000l\000\040\000I\000n\000t\000e\000g\000r\000a\000t\000i\000o\000n}{chapter.5}% 88
\BOOKMARK [2][-]{subsection.5.2.1}{\376\377\000t\000o\000p\000.\000v\000\040\040\024\000\040\000S\000y\000s\000t\000e\000m\000-\000L\000e\000v\000e\000l\000\040\000C\000o\000m\000p\000o\000s\000i\000t\000i\000o\000n}{section.5.2}% 89
\BOOKMARK [1][-]{section.5.3}{\376\377\000C\000F\000U\000\040\000P\000l\000a\000y\000g\000r\000o\000u\000n\000d\000\040\040\024\000\040\000D\000e\000c\000o\000u\000p\000l\000e\000r\000\040\000B\000r\000i\000d\000g\000e\000\040\000\050\000c\000f\000u\000.\000v\000\051}{chapter.5}% 90
\BOOKMARK [2][-]{subsection.5.3.1}{\376\377\000S\000i\000g\000n\000a\000l\000\040\000I\000s\000o\000l\000a\000t\000i\000o\000n\000\040\000T\000h\000r\000o\000u\000g\000h\000\040\000t\000h\000e\000\040\000D\000F\000X\000\040\000D\000e\000c\000o\000u\000p\000l\000e\000r}{section.5.3}% 91
\BOOKMARK [1][-]{section.5.4}{\376\377\000C\000F\000U\000\040\000P\000l\000a\000y\000g\000r\000o\000u\000n\000d\000\040\040\024\000\040\000R\000e\000c\000o\000n\000f\000i\000g\000u\000r\000a\000t\000i\000o\000n\000\040\000T\000i\000m\000i\000n\000g\000\040\000M\000o\000d\000u\000l\000e\000\040\000\050\000r\000e\000c\000o\000n\000\137\000c\000o\000u\000n\000t\000e\000r\000.\000v\000\051}{chapter.5}% 92
\BOOKMARK [2][-]{subsection.5.4.1}{\376\377\000C\000o\000m\000p\000l\000e\000t\000e\000\040\000S\000o\000u\000r\000c\000e\000\040\000a\000n\000d\000\040\000A\000n\000n\000o\000t\000a\000t\000i\000o\000n}{section.5.4}% 93
\BOOKMARK [2][-]{subsection.5.4.2}{\376\377\000C\000o\000u\000n\000t\000e\000r\000\040\000S\000t\000a\000t\000e\000\040\000M\000a\000c\000h\000i\000n\000e}{section.5.4}% 94
\BOOKMARK [1][-]{section.5.5}{\376\377\000C\000F\000U\000\040\000P\000l\000a\000y\000g\000r\000o\000u\000n\000d\000\040\040\024\000\040\000R\000e\000c\000o\000n\000f\000i\000g\000u\000r\000a\000b\000l\000e\000\040\000M\000o\000d\000u\000l\000e\000s}{chapter.5}% 95
\BOOKMARK [2][-]{subsection.5.5.1}{\376\377\000e\000x\000a\000m\000p\000l\000e\000.\000v\000\040\040\024\000\040\000M\000u\000l\000t\000i\000-\000F\000u\000n\000c\000t\000i\000o\000n\000\040\000C\000o\000m\000b\000i\000n\000a\000t\000i\000o\000n\000a\000l\000\040\000A\000c\000c\000e\000l\000e\000r\000a\000t\000o\000r}{section.5.5}% 96
\BOOKMARK [2][-]{subsection.5.5.2}{\376\377\000d\000o\000n\000u\000t\000.\000v\000\040\040\024\000\040\000S\000i\000g\000n\000e\000d\000\040\000I\000n\000t\000e\000g\000e\000r\000\040\000M\000u\000l\000t\000i\000p\000l\000y\000\040\000w\000i\000t\000h\000\040\000S\000h\000i\000f\000t}{section.5.5}% 97
\BOOKMARK [2][-]{subsection.5.5.3}{\376\377\000d\000s\000e\000\137\000t\000e\000m\000p\000l\000a\000t\000e\000.\000v\000\040\040\024\000\040\000S\000I\000M\000D\000\040\000M\000u\000l\000t\000i\000p\000l\000y\000-\000A\000c\000c\000u\000m\000u\000l\000a\000t\000e}{section.5.5}% 98
\BOOKMARK [2][-]{subsection.5.5.4}{\376\377\000k\000w\000s\000/\000\040\040\024\000\040\000K\000e\000y\000w\000o\000r\000d\000\040\000S\000p\000o\000t\000t\000i\000n\000g\000\040\000A\000c\000c\000e\000l\000e\000r\000a\000t\000o\000r\000\040\000\050\000S\000y\000s\000t\000e\000m\000V\000e\000r\000i\000l\000o\000g\000\051}{section.5.5}% 99
\BOOKMARK [1][-]{section.5.6}{\376\377\000C\000F\000U\000\040\000P\000l\000a\000y\000g\000r\000o\000u\000n\000d\000\040\040\024\000\040\000F\000i\000r\000m\000w\000a\000r\000e\000\040\000S\000o\000u\000r\000c\000e\000s}{chapter.5}% 100
\BOOKMARK [2][-]{subsection.5.6.1}{\376\377\000c\000f\000u\000.\000h\000\040\040\024\000\040\000I\000n\000s\000t\000r\000u\000c\000t\000i\000o\000n\000\040\000E\000n\000c\000o\000d\000i\000n\000g\000\040\000a\000n\000d\000\040\000S\000W\000/\000H\000W\000\040\000S\000e\000l\000e\000c\000t\000i\000o\000n}{section.5.6}% 101
\BOOKMARK [2][-]{subsection.5.6.2}{\376\377\000s\000o\000f\000t\000w\000a\000r\000e\000\137\000c\000f\000u\000.\000c\000\040\040\024\000\040\000C\000-\000L\000a\000n\000g\000u\000a\000g\000e\000\040\000R\000e\000f\000e\000r\000e\000n\000c\000e\000\040\000M\000o\000d\000e\000l}{section.5.6}% 102
\BOOKMARK [2][-]{subsection.5.6.3}{\376\377\000p\000r\000o\000j\000\137\000m\000e\000n\000u\000.\000c\000c\000\040\040\024\000\040\000I\000n\000t\000e\000r\000a\000c\000t\000i\000v\000e\000\040\000T\000e\000s\000t\000\040\000M\000e\000n\000u}{section.5.6}% 103
\BOOKMARK [2][-]{subsection.5.6.4}{\376\377\000d\000o\000n\000u\000t\000.\000c\000\040\040\024\000\040\0003\000D\000\040\000D\000o\000n\000u\000t\000\040\000R\000e\000n\000d\000e\000r\000i\000n\000g\000\040\000B\000e\000n\000c\000h\000m\000a\000r\000k}{section.5.6}% 104
\BOOKMARK [1][-]{section.5.7}{\376\377\000A\000M\000D\000\040\000D\000F\000X\000\040\000T\000u\000t\000o\000r\000i\000a\000l\000\040\000B\000a\000s\000e\000l\000i\000n\000e\000\040\000I\000m\000p\000l\000e\000m\000e\000n\000t\000a\000t\000i\000o\000n}{chapter.5}% 105
\BOOKMARK [2][-]{subsection.5.7.1}{\376\377\000T\000u\000t\000o\000r\000i\000a\000l\000\040\000t\000o\000p\000.\000v\000\040\040\024\000\040\000S\000t\000a\000t\000i\000c\000\040\000P\000a\000r\000t\000i\000t\000i\000o\000n}{section.5.7}% 106
\BOOKMARK [2][-]{subsection.5.7.2}{\376\377\000s\000h\000i\000f\000t\000\137\000l\000e\000f\000t\000.\000v\000\040\040\024\000\040\000B\000R\000A\000M\000-\000B\000a\000s\000e\000d\000\040\000R\000e\000c\000o\000n\000f\000i\000g\000u\000r\000a\000b\000l\000e\000\040\000M\000o\000d\000u\000l\000e}{section.5.7}% 107
\BOOKMARK [2][-]{subsection.5.7.3}{\376\377\000c\000l\000o\000c\000k\000s\000.\000v\000\040\040\024\000\040\000M\000M\000C\000M\000\040\000C\000o\000n\000f\000i\000g\000u\000r\000a\000t\000i\000o\000n}{section.5.7}% 108
\BOOKMARK [1][-]{section.5.8}{\376\377\000C\000o\000n\000s\000t\000r\000a\000i\000n\000t\000\040\000F\000i\000l\000e\000s\000\040\000a\000n\000d\000\040\000P\000h\000y\000s\000i\000c\000a\000l\000\040\000F\000l\000o\000o\000r\000p\000l\000a\000n\000n\000i\000n\000g}{chapter.5}% 109
\BOOKMARK [2][-]{subsection.5.8.1}{\376\377\000A\000r\000t\000y\000\040\000A\0007\000-\0003\0005\000T\000\040\000M\000a\000s\000t\000e\000r\000\040\000X\000D\000C}{section.5.8}% 110
\BOOKMARK [1][-]{section.5.9}{\376\377\000B\000u\000i\000l\000d\000\040\000F\000l\000o\000w\000\040\000S\000u\000m\000m\000a\000r\000y}{chapter.5}% 111
\BOOKMARK [1][-]{section.5.10}{\376\377\000R\000e\000p\000o\000s\000i\000t\000o\000r\000y\000\040\000O\000r\000g\000a\000n\000i\000s\000a\000t\000i\000o\000n}{chapter.5}% 112
\BOOKMARK [0][-]{chapter.6}{\376\377\000R\000e\000s\000u\000l\000t\000s\000\040\000a\000n\000d\000\040\000A\000n\000a\000l\000y\000s\000i\000s}{}% 113
\BOOKMARK [1][-]{section.6.1}{\376\377\000O\000v\000e\000r\000v\000i\000e\000w}{chapter.6}% 114
\BOOKMARK [1][-]{section.6.2}{\376\377\000D\000F\000X\000\040\000T\000u\000t\000o\000r\000i\000a\000l\000\040\000B\000a\000s\000e\000l\000i\000n\000e\000\040\000R\000e\000s\000u\000l\000t\000s}{chapter.6}% 115
\BOOKMARK [2][-]{subsection.6.2.1}{\376\377\000R\000e\000s\000o\000u\000r\000c\000e\000\040\000U\000t\000i\000l\000i\000s\000a\000t\000i\000o\000n}{section.6.2}% 116
\BOOKMARK [2][-]{subsection.6.2.2}{\376\377\000T\000i\000m\000i\000n\000g\000\040\000A\000n\000a\000l\000y\000s\000i\000s}{section.6.2}% 117
\BOOKMARK [1][-]{section.6.3}{\376\377\000C\000F\000U\000\040\000P\000l\000a\000y\000g\000r\000o\000u\000n\000d\000\040\000S\000y\000s\000t\000e\000m\000\040\040\024\000\040\000R\000e\000s\000o\000u\000r\000c\000e\000\040\000U\000t\000i\000l\000i\000s\000a\000t\000i\000o\000n}{chapter.6}% 118
\BOOKMARK [2][-]{subsection.6.3.1}{\376\377\000S\000l\000i\000c\000e\000\040\000L\000o\000g\000i\000c\000\040\000a\000n\000d\000\040\000M\000e\000m\000o\000r\000y}{section.6.3}% 119
\BOOKMARK [2][-]{subsection.6.3.2}{\376\377\000P\000o\000w\000e\000r\000\040\000C\000o\000n\000s\000u\000m\000p\000t\000i\000o\000n}{section.6.3}% 120
\BOOKMARK [1][-]{section.6.4}{\376\377\000C\000F\000U\000\040\000P\000l\000a\000y\000g\000r\000o\000u\000n\000d\000\040\000S\000y\000s\000t\000e\000m\000\040\040\024\000\040\000T\000i\000m\000i\000n\000g\000\040\000A\000n\000a\000l\000y\000s\000i\000s}{chapter.6}% 121
\BOOKMARK [2][-]{subsection.6.4.1}{\376\377\000C\000l\000o\000c\000k\000\040\000C\000o\000n\000s\000t\000r\000a\000i\000n\000t\000s\000\040\000a\000n\000d\000\040\000T\000i\000m\000i\000n\000g\000\040\000V\000i\000o\000l\000a\000t\000i\000o\000n\000\040\000R\000o\000o\000t\000\040\000C\000a\000u\000s\000e}{section.6.4}% 122
\BOOKMARK [2][-]{subsection.6.4.2}{\376\377\000H\000o\000l\000d\000\040\000T\000i\000m\000i\000n\000g}{section.6.4}% 123
\BOOKMARK [1][-]{section.6.5}{\376\377\000R\000e\000c\000o\000n\000f\000i\000g\000u\000r\000a\000t\000i\000o\000n\000\040\000L\000a\000t\000e\000n\000c\000y\000\040\000R\000e\000s\000u\000l\000t\000s}{chapter.6}% 124
\BOOKMARK [2][-]{subsection.6.5.1}{\376\377\000P\000a\000r\000t\000i\000a\000l\000\040\000B\000i\000t\000s\000t\000r\000e\000a\000m\000\040\000S\000i\000z\000e\000s}{section.6.5}% 125
\BOOKMARK [2][-]{subsection.6.5.2}{\376\377\000J\000T\000A\000G\000\040\000R\000e\000c\000o\000n\000f\000i\000g\000u\000r\000a\000t\000i\000o\000n\000\040\000\050\000A\000r\000t\000y\000\040\000A\0007\000-\0003\0005\000T\000\051}{section.6.5}% 126
\BOOKMARK [2][-]{subsection.6.5.3}{\376\377\000J\000T\000A\000G\000\040\000R\000e\000c\000o\000n\000f\000i\000g\000u\000r\000a\000t\000i\000o\000n\000\040\000\050\000P\000Y\000N\000Q\000-\000Z\0002\000\051}{section.6.5}% 127
\BOOKMARK [2][-]{subsection.6.5.4}{\376\377\000P\000C\000A\000P\000\040\000R\000e\000c\000o\000n\000f\000i\000g\000u\000r\000a\000t\000i\000o\000n\000\040\000\050\000P\000Y\000N\000Q\000-\000Z\0002\000\051}{section.6.5}% 128
\BOOKMARK [1][-]{section.6.6}{\376\377\000F\000u\000n\000c\000t\000i\000o\000n\000a\000l\000\040\000V\000e\000r\000i\000f\000i\000c\000a\000t\000i\000o\000n\000\040\000o\000f\000\040\000t\000h\000e\000\040\000R\000e\000c\000o\000n\000f\000i\000g\000u\000r\000a\000b\000l\000e\000\040\000C\000F\000U}{chapter.6}% 129
\BOOKMARK [1][-]{section.6.7}{\376\377\000C\000o\000m\000p\000a\000r\000a\000t\000i\000v\000e\000\040\000D\000i\000s\000c\000u\000s\000s\000i\000o\000n}{chapter.6}% 130
\BOOKMARK [2][-]{subsection.6.7.1}{\376\377\000D\000F\000X\000\040\000T\000u\000t\000o\000r\000i\000a\000l\000\040\000v\000s\000.\000\040\000F\000u\000l\000l\000\040\000S\000y\000s\000t\000e\000m}{section.6.7}% 131
\BOOKMARK [2][-]{subsection.6.7.2}{\376\377\000I\000C\000A\000P\000\040\000v\000s\000.\000\040\000P\000C\000A\000P\000\040\000v\000s\000.\000\040\000J\000T\000A\000G}{section.6.7}% 132
\BOOKMARK [2][-]{subsection.6.7.3}{\376\377\000D\000e\000v\000i\000c\000e\000\040\000U\000t\000i\000l\000i\000s\000a\000t\000i\000o\000n\000\040\000H\000e\000a\000d\000r\000o\000o\000m}{section.6.7}% 133
\BOOKMARK [1][-]{section.6.8}{\376\377\000L\000i\000m\000i\000t\000a\000t\000i\000o\000n\000s\000\040\000a\000n\000d\000\040\000C\000a\000v\000e\000a\000t\000s}{chapter.6}% 134
\BOOKMARK [0][-]{chapter.7}{\376\377\000C\000o\000n\000c\000l\000u\000s\000i\000o\000n\000\040\000a\000n\000d\000\040\000F\000u\000t\000u\000r\000e\000\040\000W\000o\000r\000k}{}% 135
\BOOKMARK [1][-]{section.7.1}{\376\377\000C\000o\000n\000c\000l\000u\000s\000i\000o\000n}{chapter.7}% 136
\BOOKMARK [2][-]{subsection.7.1.1}{\376\377\000L\000i\000t\000e\000r\000a\000t\000u\000r\000e\000\040\000a\000n\000d\000\040\000T\000o\000o\000l\000f\000l\000o\000w\000\040\000A\000n\000a\000l\000y\000s\000i\000s}{section.7.1}% 137
\BOOKMARK [2][-]{subsection.7.1.2}{\376\377\000D\000F\000X\000\040\000B\000a\000s\000e\000l\000i\000n\000e\000\040\000V\000a\000l\000i\000d\000a\000t\000i\000o\000n}{section.7.1}% 138
\BOOKMARK [2][-]{subsection.7.1.3}{\376\377\000R\000e\000c\000o\000n\000f\000i\000g\000u\000r\000a\000b\000l\000e\000\040\000R\000I\000S\000C\000-\000V\000\040\000C\000F\000U\000\040\000S\000y\000s\000t\000e\000m}{section.7.1}% 139
\BOOKMARK [1][-]{section.7.2}{\376\377\000F\000u\000t\000u\000r\000e\000\040\000W\000o\000r\000k}{chapter.7}% 140
\BOOKMARK [2][-]{subsection.7.2.1}{\376\377\000A\000u\000t\000o\000n\000o\000m\000o\000u\000s\000\040\000P\000a\000r\000t\000i\000a\000l\000\040\000B\000i\000t\000s\000t\000r\000e\000a\000m\000\040\000D\000e\000l\000i\000v\000e\000r\000y\000\040\000v\000i\000a\000\040\000S\000P\000I\000\040\000F\000l\000a\000s\000h}{section.7.2}% 141
\BOOKMARK [2][-]{subsection.7.2.2}{\376\377\000D\000D\000R\000-\000B\000a\000c\000k\000e\000d\000\040\000R\000u\000n\000t\000i\000m\000e\000\040\000B\000i\000t\000s\000t\000r\000e\000a\000m\000\040\000B\000u\000f\000f\000e\000r\000i\000n\000g}{section.7.2}% 142
\BOOKMARK [2][-]{subsection.7.2.3}{\376\377\000I\000C\000A\000P\000\040\000T\000h\000r\000o\000u\000g\000h\000p\000u\000t\000\040\000C\000h\000a\000r\000a\000c\000t\000e\000r\000i\000s\000a\000t\000i\000o\000n\000\040\000a\000n\000d\000\040\000C\000o\000m\000p\000a\000r\000i\000s\000o\000n\000\040\000w\000i\000t\000h\000\040\000P\000C\000A\000P}{section.7.2}% 143
\BOOKMARK [2][-]{subsection.7.2.4}{\376\377\000M\000u\000l\000t\000i\000p\000l\000e\000\040\000S\000i\000m\000u\000l\000t\000a\000n\000e\000o\000u\000s\000\040\000R\000e\000c\000o\000n\000f\000i\000g\000u\000r\000a\000b\000l\000e\000\040\000P\000a\000r\000t\000i\000t\000i\000o\000n\000\040\000S\000l\000o\000t\000s}{section.7.2}% 144
\BOOKMARK [2][-]{subsection.7.2.5}{\376\377\000G\000r\000a\000p\000h\000-\000B\000a\000s\000e\000d\000\040\000C\000F\000U\000\040\000S\000e\000l\000e\000c\000t\000i\000o\000n\000\040\000a\000n\000d\000\040\000S\000c\000h\000e\000d\000u\000l\000i\000n\000g}{section.7.2}% 145
\BOOKMARK [2][-]{subsection.7.2.6}{\376\377\000E\000x\000t\000e\000n\000s\000i\000o\000n\000\040\000t\000o\000\040\000R\000V\0003\0002\000I\000M\000C\000\040\000a\000n\000d\000\040\000M\000o\000r\000e\000\040\000C\000o\000m\000p\000l\000e\000x\000\040\000A\000c\000c\000e\000l\000e\000r\000a\000t\000o\000r\000s}{section.7.2}% 146
\BOOKMARK [2][-]{subsection.7.2.7}{\376\377\000Z\000y\000n\000q\000\040\000I\000C\000A\000P\000\040\000I\000n\000t\000e\000g\000r\000a\000t\000i\000o\000n}{section.7.2}% 147
\BOOKMARK [1][-]{section.7.3}{\376\377\000S\000u\000m\000m\000a\000r\000y}{chapter.7}% 148
